Instrument Coordinator v.0.1
by Richard Marinos, 2021
GNU GPL v.3.0
_____________________________
BAK 2021-08-06 16:03:58 :  Sequencing backend online.
BAK 2021-08-06 16:03:59 :  Sequencing backend online.
GUI 2021-08-06 16:03:59 :  Verbose logging off.
GUI 2021-08-06 16:04:00 :  Stopped
BAK 2021-08-06 16:04:00 :  Sequencing backend online.
GUI 2021-08-06 16:04:00 :  Stopped
BAK 2021-08-06 16:04:01 :  Sequencing backend online.
BAK 2021-08-06 16:04:02 :  Sequencing backend online.
BAK 2021-08-06 16:04:04 :  Sequencing backend online.
BAK 2021-08-06 16:04:05 :  Sequencing backend online.
BAK 2021-08-06 16:04:06 :  Sequencing backend online.
BAK 2021-08-06 16:04:07 :  Sequencing backend online.
BAK 2021-08-06 16:04:08 :  Sequencing backend online.
BAK 2021-08-06 16:04:09 :  Sequencing backend online.
BAK 2021-08-06 16:04:10 :  Sequencing backend online.
BAK 2021-08-06 16:04:11 :  Sequencing backend online.
BAK 2021-08-06 16:04:12 :  Sequencing backend online.
BAK 2021-08-06 16:04:13 :  Sequencing backend online.
BAK 2021-08-06 16:04:15 :  Sequencing backend online.
BAK 2021-08-06 16:04:16 :  Sequencing backend online.
BAK 2021-08-06 16:04:17 :  Sequencing backend online.
BAK 2021-08-06 16:04:18 :  Sequencing backend online.
BAK 2021-08-06 16:04:19 :  Sequencing backend online.
BAK 2021-08-06 16:04:20 :  Sequencing backend online.
BAK 2021-08-06 16:04:21 :  Sequencing backend online.
BAK 2021-08-06 16:04:22 :  Sequencing backend online.
BAK 2021-08-06 16:04:23 :  Sequencing backend online.
BAK 2021-08-06 16:04:24 :  Sequencing backend online.
BAK 2021-08-06 16:04:25 :  Sequencing backend online.
BAK 2021-08-06 16:04:27 :  Sequencing backend online.
BAK 2021-08-06 16:04:28 :  Sequencing backend online.
BAK 2021-08-06 16:04:29 :  Sequencing backend online.
GUI 2021-08-06 16:04:29 :  Exit
